<?xml version="1.0" encoding="UTF-8"?>
<!-- Generated by org.testng.reporters.JUnitReportReporter -->
<testsuite skipped="0" hostname="Admin" name="com.w24.API_Proj.testCases.TestCustomerAPI" tests="1" failures="0" timestamp="2021-08-30T16:41:28 IST" time="4.179" errors="0">
  <testcase name="validateCreateCustomerAPIWithValidData" time="4.179" classname="com.w24.API_Proj.testCases.TestCustomerAPI"/>
  <system-out/>
</testsuite> <!-- com.w24.API_Proj.testCases.TestCustomerAPI -->
