<?xml version="1.0" encoding="UTF-8"?>
<!-- Generated by org.testng.reporters.JUnitReportReporter -->
<testsuite skipped="0" hostname="Admin" name="com.w24.API_Proj.testCases.TestCreateUserAPI" tests="3" failures="0" timestamp="2021-08-30T11:22:10 IST" time="3.985" errors="0">
  <testcase name="validateCreateUserAPIWithValidData" time="2.877" classname="com.w24.API_Proj.testCases.TestCreateUserAPI"/>
  <system-out/>
  <testcase name="validateCreateUserAPIWithValidData" time="0.550" classname="com.w24.API_Proj.testCases.TestCreateUserAPI"/>
  <system-out/>
  <testcase name="validateCreateUserAPIWithValidData" time="0.558" classname="com.w24.API_Proj.testCases.TestCreateUserAPI"/>
  <system-out/>
</testsuite> <!-- com.w24.API_Proj.testCases.TestCreateUserAPI -->
