<?xml version="1.0" encoding="UTF-8"?>
<!-- Generated by org.testng.reporters.JUnitReportReporter -->
<testsuite skipped="0" hostname="Admin" name="roughExamples.TestCreateCustomerAPI" tests="1" failures="0" timestamp="2021-08-28T13:02:46 IST" time="4.323" errors="0">
  <testcase name="validateCreateCustomerAPIWithValidData" time="4.323" classname="roughExamples.TestCreateCustomerAPI"/>
  <system-out/>
</testsuite> <!-- roughExamples.TestCreateCustomerAPI -->
