<?xml version="1.0" encoding="UTF-8"?>
<!-- Generated by org.testng.reporters.JUnitReportReporter -->
<testsuite skipped="0" hostname="Admin" name="com.w24.API_Proj.testCases.TestCustomerAPI" tests="1" failures="0" timestamp="30 Aug 2021 11:57:29 GMT" time="3.373" errors="0">
  <testcase name="validateCreateCustomerAPIWithValidData" time="3.373" classname="com.w24.API_Proj.testCases.TestCustomerAPI"/>
</testsuite> <!-- com.w24.API_Proj.testCases.TestCustomerAPI -->
